15:14:59.551  981  DEBUG fr.sparna.rdf.xls2rdf.app.Convert - Will use output format : text/turtle
15:14:59.554  984  DEBUG fr.sparna.rdf.xls2rdf.app.Convert - Will use ModelWriter : fr.sparna.rdf.xls2rdf.OutputStreamModelWriter
15:15:00.355  1785 DEBUG f.s.rdf.xls2rdf.Xls2RdfConverter - Processing sheet: Sheet1
15:15:00.360  1790 INFO  f.sparna.rdf.xls2rdf.RdfizableSheet - Found proper property in header : https://www.ieawindtask43.org/ontoforge/life-cycle-phase-din-spec-91303/
15:15:00.361  1791 INFO  f.sparna.rdf.xls2rdf.RdfizableSheet - Found proper property in header : http://purl.org/dc/terms/
15:15:00.361  1791 INFO  f.sparna.rdf.xls2rdf.RdfizableSheet - Found proper property in header : https://www.ieawindtask43.org/ontoforge/life-cycle-phase-process-taxonomy/
15:15:00.361  1791 INFO  f.sparna.rdf.xls2rdf.RdfizableSheet - Found proper property in header : http://www.w3.org/2002/07/owl#
15:15:00.363  1793 INFO  f.sparna.rdf.xls2rdf.RdfizableSheet - Found proper property in header : http://creativecommons.org/licenses/by/4.0/
15:15:00.364  1794 INFO  f.sparna.rdf.xls2rdf.RdfizableSheet - Found proper property in header : http://www.w3.org/2004/02/skos/core#prefLabel
15:15:00.364  1794 INFO  f.sparna.rdf.xls2rdf.RdfizableSheet - Found proper property in header : http://www.w3.org/2004/02/skos/core#definition
15:15:00.364  1794 INFO  f.sparna.rdf.xls2rdf.RdfizableSheet - Found proper property in header : http://www.w3.org/2004/02/skos/core#prefLabel
15:15:00.365  1795 INFO  f.sparna.rdf.xls2rdf.RdfizableSheet - Found proper property in header : http://www.w3.org/2004/02/skos/core#definition
15:15:00.366  1796 INFO  f.sparna.rdf.xls2rdf.RdfizableSheet - Found proper property in header : http://www.w3.org/2004/02/skos/core#altLabel
15:15:00.366  1796 INFO  f.sparna.rdf.xls2rdf.RdfizableSheet - Found proper property in header : http://www.w3.org/2004/02/skos/core#broader
15:15:00.366  1796 INFO  f.sparna.rdf.xls2rdf.RdfizableSheet - Found proper property in header : http://www.w3.org/2004/02/skos/core#exactMatch
15:15:00.366  1796 INFO  f.sparna.rdf.xls2rdf.RdfizableSheet - Found proper property in header : http://www.w3.org/2004/02/skos/core#closeMatch
15:15:00.367  1797 INFO  f.sparna.rdf.xls2rdf.RdfizableSheet - Found proper property in header : http://www.w3.org/2004/02/skos/core#related
15:15:00.367  1797 INFO  f.sparna.rdf.xls2rdf.RdfizableSheet - Found at least 2 headers with proper property declaration in the first 10 columns, title row is at index 14
15:15:00.368  1798 DEBUG f.s.rdf.xls2rdf.Xls2RdfConverter - Found title row at index 14
15:15:00.376  1806 DEBUG f.s.rdf.xls2rdf.Xls2RdfConverter - Adding value on header object "LCP-DIN-91303" with lang en
15:15:00.378  1808 DEBUG f.s.rdf.xls2rdf.Xls2RdfConverter - Adding value on header object "Life Cycle Phase Specification DIN SPEC 91303" with lang en
15:15:00.378  1808 DEBUG f.s.rdf.xls2rdf.Xls2RdfConverter - Adding value on header object "SKOS Taxonomy of life-cycle phases according to DIN SPEC 91303" with lang en
15:15:00.379  1809 DEBUG f.s.rdf.xls2rdf.Xls2RdfConverter - Adding value on header object "Deutsche Institut für Normung e. V." with lang en
15:15:00.379  1809 DEBUG f.s.rdf.xls2rdf.Xls2RdfConverter - Adding value on header object "http://creativecommons.org/licenses/by/4.0/" with lang en
15:15:00.379  1809 DEBUG f.s.rdf.xls2rdf.Xls2RdfConverter - Adding value on header object "0.0.1" with lang en
15:15:00.380  1810 DEBUG f.s.rdf.xls2rdf.Xls2RdfConverter - Converting data with these column headers: 
15:15:00.380  1810 DEBUG f.s.rdf.xls2rdf.Xls2RdfConverter - ColumnHeader [originalValue=Identifier, language=Optional.empty, datatype=Optional.empty, property=null, declaredProperty=Identifier, inverse=false, parameters={}, id=null, reconcileOn=null, headerCell=Identifier]
15:15:00.387  1817 DEBUG f.s.rdf.xls2rdf.Xls2RdfConverter - ColumnHeader [originalValue=skos:prefLabel@en, language=Optional[en], datatype=Optional.empty, property=http://www.w3.org/2004/02/skos/core#prefLabel, declaredProperty=skos:prefLabel, inverse=false, parameters={}, id=null, reconcileOn=null, headerCell=skos:prefLabel@en]
15:15:00.387  1817 DEBUG f.s.rdf.xls2rdf.Xls2RdfConverter - ColumnHeader [originalValue=skos:definition@en, language=Optional[en], datatype=Optional.empty, property=http://www.w3.org/2004/02/skos/core#definition, declaredProperty=skos:definition, inverse=false, parameters={}, id=null, reconcileOn=null, headerCell=skos:definition@en]
15:15:00.387  1817 DEBUG f.s.rdf.xls2rdf.Xls2RdfConverter - ColumnHeader [originalValue=skos:prefLabel@de, language=Optional[de], datatype=Optional.empty, property=http://www.w3.org/2004/02/skos/core#prefLabel, declaredProperty=skos:prefLabel, inverse=false, parameters={}, id=null, reconcileOn=null, headerCell=skos:prefLabel@de]
15:15:00.388  1818 DEBUG f.s.rdf.xls2rdf.Xls2RdfConverter - ColumnHeader [originalValue=skos:definition@de, language=Optional[de], datatype=Optional.empty, property=http://www.w3.org/2004/02/skos/core#definition, declaredProperty=skos:definition, inverse=false, parameters={}, id=null, reconcileOn=null, headerCell=skos:definition@de]
15:15:00.388  1818 DEBUG f.s.rdf.xls2rdf.Xls2RdfConverter - ColumnHeader [originalValue=skos:altLabel(separator=","), language=Optional.empty, datatype=Optional.empty, property=http://www.w3.org/2004/02/skos/core#altLabel, declaredProperty=skos:altLabel, inverse=false, parameters={separator=,}, id=null, reconcileOn=null, headerCell=skos:altLabel(separator=",")]
15:15:00.388  1818 DEBUG f.s.rdf.xls2rdf.Xls2RdfConverter - ColumnHeader [originalValue=skos:broader(separator=","), language=Optional.empty, datatype=Optional.empty, property=http://www.w3.org/2004/02/skos/core#broader, declaredProperty=skos:broader, inverse=false, parameters={separator=,}, id=null, reconcileOn=null, headerCell=skos:broader(separator=",")]
15:15:00.388  1818 DEBUG f.s.rdf.xls2rdf.Xls2RdfConverter - ColumnHeader [originalValue=skos:exactMatch(separator=","), language=Optional.empty, datatype=Optional.empty, property=http://www.w3.org/2004/02/skos/core#exactMatch, declaredProperty=skos:exactMatch, inverse=false, parameters={separator=,}, id=null, reconcileOn=null, headerCell=skos:exactMatch(separator=",")]
15:15:00.388  1818 DEBUG f.s.rdf.xls2rdf.Xls2RdfConverter - ColumnHeader [originalValue=skos:closeMatch(separator=","), language=Optional.empty, datatype=Optional.empty, property=http://www.w3.org/2004/02/skos/core#closeMatch, declaredProperty=skos:closeMatch, inverse=false, parameters={separator=,}, id=null, reconcileOn=null, headerCell=skos:closeMatch(separator=",")]
15:15:00.388  1818 DEBUG f.s.rdf.xls2rdf.Xls2RdfConverter - ColumnHeader [originalValue=skos:related(separator=","), language=Optional.empty, datatype=Optional.empty, property=http://www.w3.org/2004/02/skos/core#related, declaredProperty=skos:related, inverse=false, parameters={separator=,}, id=null, reconcileOn=null, headerCell=skos:related(separator=",")]
15:15:00.388  1818 DEBUG f.s.rdf.xls2rdf.Xls2RdfConverter - ColumnHeader [originalValue=dct:creator(separator=","), language=Optional.empty, datatype=Optional.empty, property=http://purl.org/dc/terms/creator, declaredProperty=dct:creator, inverse=false, parameters={separator=,}, id=null, reconcileOn=null, headerCell=dct:creator(separator=",")]
15:15:00.388  1818 DEBUG f.s.rdf.xls2rdf.Xls2RdfConverter - ColumnHeader [originalValue=dct:contributor(separator=","), language=Optional.empty, datatype=Optional.empty, property=http://purl.org/dc/terms/contributor, declaredProperty=dct:contributor, inverse=false, parameters={separator=,}, id=null, reconcileOn=null, headerCell=dct:contributor(separator=",")]
15:15:00.388  1818 DEBUG f.s.rdf.xls2rdf.Xls2RdfConverter - ColumnHeader [originalValue=dct:bibliographicCitation(separator=","), language=Optional.empty, datatype=Optional.empty, property=http://purl.org/dc/terms/bibliographicCitation, declaredProperty=dct:bibliographicCitation, inverse=false, parameters={separator=,}, id=null, reconcileOn=null, headerCell=dct:bibliographicCitation(separator=",")]
15:15:00.389  1819 DEBUG f.s.rdf.xls2rdf.Xls2RdfConverter - ColumnHeader [originalValue=dct:references(separator=","), language=Optional.empty, datatype=Optional.empty, property=http://purl.org/dc/terms/references, declaredProperty=dct:references, inverse=false, parameters={separator=,}, id=null, reconcileOn=null, headerCell=dct:references(separator=",")]
15:15:00.389  1819 DEBUG f.s.rdf.xls2rdf.Xls2RdfConverter - ColumnHeader [originalValue=skos:editorialNote@en, language=Optional[en], datatype=Optional.empty, property=http://www.w3.org/2004/02/skos/core#editorialNote, declaredProperty=skos:editorialNote, inverse=false, parameters={}, id=null, reconcileOn=null, headerCell=skos:editorialNote@en]
15:15:00.389  1819 DEBUG f.s.rdf.xls2rdf.Xls2RdfConverter - ColumnHeader [originalValue=skos:note@en, language=Optional[en], datatype=Optional.empty, property=http://www.w3.org/2004/02/skos/core#note, declaredProperty=skos:note, inverse=false, parameters={}, id=null, reconcileOn=null, headerCell=skos:note@en]
15:15:00.389  1819 INFO  f.s.rdf.xls2rdf.Xls2RdfConverter - Converting rows...
15:15:00.407  1837 INFO  f.s.rdf.xls2rdf.Xls2RdfConverter - Row 1000...
15:15:00.408  1838 INFO  f.s.rdf.xls2rdf.Xls2RdfConverter - Applying SKOS post-processings on the result
15:15:00.408  1838 DEBUG f.s.rdf.xls2rdf.SkosPostProcessor - Postprocessing : SkosPostProcessor
15:15:00.409  1839 DEBUG f.s.rdf.xls2rdf.SkosPostProcessor - Considering main resource like a ConceptScheme.
15:15:00.412  1842 DEBUG f.s.rdf.xls2rdf.SkosPostProcessor - Adding inverse skos:broader and skos:narrower
15:15:00.414  1844 DEBUG f.s.rdf.xls2rdf.SkosPostProcessor - Adding skos:inScheme
15:15:00.415  1845 DEBUG f.s.rdf.xls2rdf.SkosPostProcessor - Setting rdf:type skos:ConceptScheme to main resource
15:15:00.415  1845 DEBUG f.s.rdf.xls2rdf.SkosPostProcessor - Adding skos:hasTopConcept / skos:topConceptOf
15:15:00.417  1847 DEBUG f.s.rdf.xls2rdf.Xls2RdfConverter - Saving graph of 111 statements generated from Sheet Sheet1
